# JRE version: Java(TM) SE Runtime Environment (8.0_77-b03) (build 1.8.0_77-b03)
# Java VM: Java HotSpot(TM) 64-Bit Server VM (25.77-b03 mixed mode windows-amd64 compressed oops)
Heap:
 PSYoungGen      total 349696K, used 52880K [0x00000000e0000000, 0x0000000100000000, 0x0000000100000000)
  eden space 175104K, 0% used [0x00000000e0000000,0x00000000e0000000,0x00000000eab00000)
  from space 174592K, 30% used [0x00000000eab00000,0x00000000edea41c0,0x00000000f5580000)
  to   space 174592K, 0% used [0x00000000f5580000,0x00000000f5580000,0x0000000100000000)
 ParOldGen       total 980992K, used 911315K [0x00000000a0000000, 0x00000000dbe00000, 0x00000000e0000000)
  object space 980992K, 92% used [0x00000000a0000000,0x00000000d79f4d18,0x00000000dbe00000)
 Metaspace       used 65414K, capacity 67114K, committed 67328K, reserved 1107968K
  class space    used 8505K, capacity 8847K, committed 8960K, reserved 1048576K
GC Heap History (10 events):
Event: 2175.156 GC heap after
Heap after GC invocations=105 (full 12):
 PSYoungGen      total 340480K, used 172520K [0x00000000e0000000, 0x0000000100000000, 0x0000000100000000)
  eden space 167936K, 0% used [0x00000000e0000000,0x00000000e0000000,0x00000000ea400000)
  from space 172544K, 99% used [0x00000000ea400000,0x00000000f4c7a3c8,0x00000000f4c80000)
  to   space 174592K, 0% used [0x00000000f5580000,0x00000000f5580000,0x0000000100000000)
 ParOldGen       total 980992K, used 654349K [0x00000000a0000000, 0x00000000dbe00000, 0x00000000e0000000)
  object space 980992K, 66% used [0x00000000a0000000,0x00000000c7f03428,0x00000000dbe00000)
 Metaspace       used 65414K, capacity 67114K, committed 67328K, reserved 1107968K
  class space    used 8505K, capacity 8847K, committed 8960K, reserved 1048576K
}
Event: 2175.378 GC heap before
{Heap before GC invocations=106 (full 12):
 PSYoungGen      total 340480K, used 340456K [0x00000000e0000000, 0x0000000100000000, 0x0000000100000000)
  eden space 167936K, 100% used [0x00000000e0000000,0x00000000ea400000,0x00000000ea400000)
  from space 172544K, 99% used [0x00000000ea400000,0x00000000f4c7a3c8,0x00000000f4c80000)
  to   space 174592K, 0% used [0x00000000f5580000,0x00000000f5580000,0x0000000100000000)
 ParOldGen       total 980992K, used 654349K [0x00000000a0000000, 0x00000000dbe00000, 0x00000000e0000000)
  object space 980992K, 66% used [0x00000000a0000000,0x00000000c7f03428,0x00000000dbe00000)
 Metaspace       used 65414K, capacity 67114K, committed 67328K, reserved 1107968K
  class space    used 8505K, capacity 8847K, committed 8960K, reserved 1048576K
Event: 2175.656 GC heap after
Heap after GC invocations=106 (full 12):
 PSYoungGen      total 349696K, used 172155K [0x00000000e0000000, 0x0000000100000000, 0x0000000100000000)
  eden space 175104K, 0% used [0x00000000e0000000,0x00000000e0000000,0x00000000eab00000)
  from space 174592K, 98% used [0x00000000f5580000,0x00000000ffd9ee68,0x0000000100000000)
  to   space 174592K, 0% used [0x00000000eab00000,0x00000000eab00000,0x00000000f5580000)
 ParOldGen       total 980992K, used 701472K [0x00000000a0000000, 0x00000000dbe00000, 0x00000000e0000000)
  object space 980992K, 71% used [0x00000000a0000000,0x00000000cad08078,0x00000000dbe00000)
 Metaspace       used 65414K, capacity 67114K, committed 67328K, reserved 1107968K
  class space    used 8505K, capacity 8847K, committed 8960K, reserved 1048576K
}
Event: 2176.349 GC heap before
{Heap before GC invocations=107 (full 12):
 PSYoungGen      total 349696K, used 347259K [0x00000000e0000000, 0x0000000100000000, 0x0000000100000000)
  eden space 175104K, 100% used [0x00000000e0000000,0x00000000eab00000,0x00000000eab00000)
  from space 174592K, 98% used [0x00000000f5580000,0x00000000ffd9ee68,0x0000000100000000)
  to   space 174592K, 0% used [0x00000000eab00000,0x00000000eab00000,0x00000000f5580000)
 ParOldGen       total 980992K, used 701472K [0x00000000a0000000, 0x00000000dbe00000, 0x00000000e0000000)
  object space 980992K, 71% used [0x00000000a0000000,0x00000000cad08078,0x00000000dbe00000)
 Metaspace       used 65414K, capacity 67114K, committed 67328K, reserved 1107968K
  class space    used 8505K, capacity 8847K, committed 8960K, reserved 1048576K
Event: 2176.469 GC heap after
Heap after GC invocations=107 (full 12):
 PSYoungGen      total 349696K, used 82711K [0x00000000e0000000, 0x0000000100000000, 0x0000000100000000)
  eden space 175104K, 0% used [0x00000000e0000000,0x00000000e0000000,0x00000000eab00000)
  from space 174592K, 47% used [0x00000000eab00000,0x00000000efbc5ef0,0x00000000f5580000)
  to   space 174592K, 0% used [0x00000000f5580000,0x00000000f5580000,0x0000000100000000)
 ParOldGen       total 980992K, used 741958K [0x00000000a0000000, 0x00000000dbe00000, 0x00000000e0000000)
  object space 980992K, 75% used [0x00000000a0000000,0x00000000cd491838,0x00000000dbe00000)
 Metaspace       used 65414K, capacity 67114K, committed 67328K, reserved 1107968K
  class space    used 8505K, capacity 8847K, committed 8960K, reserved 1048576K
}
Event: 2176.625 GC heap before
{Heap before GC invocations=108 (full 12):
 PSYoungGen      total 349696K, used 257815K [0x00000000e0000000, 0x0000000100000000, 0x0000000100000000)
  eden space 175104K, 100% used [0x00000000e0000000,0x00000000eab00000,0x00000000eab00000)
  from space 174592K, 47% used [0x00000000eab00000,0x00000000efbc5ef0,0x00000000f5580000)
  to   space 174592K, 0% used [0x00000000f5580000,0x00000000f5580000,0x0000000100000000)
 ParOldGen       total 980992K, used 741958K [0x00000000a0000000, 0x00000000dbe00000, 0x00000000e0000000)
  object space 980992K, 75% used [0x00000000a0000000,0x00000000cd491838,0x00000000dbe00000)
 Metaspace       used 65414K, capacity 67114K, committed 67328K, reserved 1107968K
  class space    used 8505K, capacity 8847K, committed 8960K, reserved 1048576K
Event: 2179.733 GC heap after
Heap after GC invocations=108 (full 12):
 PSYoungGen      total 349696K, used 89008K [0x00000000e0000000, 0x0000000100000000, 0x0000000100000000)
  eden space 175104K, 0% used [0x00000000e0000000,0x00000000e0000000,0x00000000eab00000)
  from space 174592K, 50% used [0x00000000f5580000,0x00000000fac6c2b8,0x0000000100000000)
  to   space 174592K, 0% used [0x00000000eab00000,0x00000000eab00000,0x00000000f5580000)
 ParOldGen       total 980992K, used 822541K [0x00000000a0000000, 0x00000000dbe00000, 0x00000000e0000000)
  object space 980992K, 83% used [0x00000000a0000000,0x00000000d23434e8,0x00000000dbe00000)
 Metaspace       used 65414K, capacity 67114K, committed 67328K, reserved 1107968K
  class space    used 8505K, capacity 8847K, committed 8960K, reserved 1048576K
}
Event: 2180.024 GC heap before
{Heap before GC invocations=109 (full 12):
 PSYoungGen      total 349696K, used 264112K [0x00000000e0000000, 0x0000000100000000, 0x0000000100000000)
  eden space 175104K, 100% used [0x00000000e0000000,0x00000000eab00000,0x00000000eab00000)
  from space 174592K, 50% used [0x00000000f5580000,0x00000000fac6c2b8,0x0000000100000000)
  to   space 174592K, 0% used [0x00000000eab00000,0x00000000eab00000,0x00000000f5580000)
 ParOldGen       total 980992K, used 822541K [0x00000000a0000000, 0x00000000dbe00000, 0x00000000e0000000)
  object space 980992K, 83% used [0x00000000a0000000,0x00000000d23434e8,0x00000000dbe00000)
 Metaspace       used 65414K, capacity 67114K, committed 67328K, reserved 1107968K
  class space    used 8505K, capacity 8847K, committed 8960K, reserved 1048576K
Event: 2180.624 GC heap after
Heap after GC invocations=109 (full 12):
 PSYoungGen      total 349696K, used 52880K [0x00000000e0000000, 0x0000000100000000, 0x0000000100000000)
  eden space 175104K, 0% used [0x00000000e0000000,0x00000000e0000000,0x00000000eab00000)
  from space 174592K, 30% used [0x00000000eab00000,0x00000000edea41c0,0x00000000f5580000)
  to   space 174592K, 0% used [0x00000000f5580000,0x00000000f5580000,0x0000000100000000)
 ParOldGen       total 980992K, used 911315K [0x00000000a0000000, 0x00000000dbe00000, 0x00000000e0000000)
  object space 980992K, 92% used [0x00000000a0000000,0x00000000d79f4d18,0x00000000dbe00000)
 Metaspace       used 65414K, capacity 67114K, committed 67328K, reserved 1107968K
  class space    used 8505K, capacity 8847K, committed 8960K, reserved 1048576K
}
Event: 2180.624 GC heap before
{Heap before GC invocations=110 (full 13):
 PSYoungGen      total 349696K, used 52880K [0x00000000e0000000, 0x0000000100000000, 0x0000000100000000)
  eden space 175104K, 0% used [0x00000000e0000000,0x00000000e0000000,0x00000000eab00000)
  from space 174592K, 30% used [0x00000000eab00000,0x00000000edea41c0,0x00000000f5580000)
  to   space 174592K, 0% used [0x00000000f5580000,0x00000000f5580000,0x0000000100000000)
 ParOldGen       total 980992K, used 911315K [0x00000000a0000000, 0x00000000dbe00000, 0x00000000e0000000)
  object space 980992K, 92% used [0x00000000a0000000,0x00000000d79f4d18,0x00000000dbe00000)
 Metaspace       used 65414K, capacity 67114K, committed 67328K, reserved 1107968K
  class space    used 8505K, capacity 8847K, committed 8960K, reserved 1048576K

