# JRE version: Java(TM) SE Runtime Environment (8.0_77-b03) (build 1.8.0_77-b03)
# Java VM: Java HotSpot(TM) 64-Bit Server VM (25.77-b03 mixed mode windows-amd64 compressed oops)
Heap:
 PSYoungGen      total 366080K, used 158179K [0x00000000e0000000, 0x0000000100000000, 0x0000000100000000)
  eden space 207872K, 0% used [0x00000000e0000000,0x00000000e0000000,0x00000000ecb00000)
  from space 158208K, 99% used [0x00000000ecb00000,0x00000000f6578fc0,0x00000000f6580000)
  to   space 158208K, 0% used [0x00000000f6580000,0x00000000f6580000,0x0000000100000000)
 ParOldGen       total 268288K, used 263166K [0x00000000a0000000, 0x00000000b0600000, 0x00000000e0000000)
  object space 268288K, 98% used [0x00000000a0000000,0x00000000b00ff828,0x00000000b0600000)
 Metaspace       used 65258K, capacity 67016K, committed 67200K, reserved 1107968K
  class space    used 8368K, capacity 8732K, committed 8832K, reserved 1048576K
GC Heap History (10 events):
Event: 393.355 GC heap after
Heap after GC invocations=56 (full 7):
 PSYoungGen      total 348672K, used 78007K [0x00000000e0000000, 0x0000000100000000, 0x0000000100000000)
  eden space 270336K, 0% used [0x00000000e0000000,0x00000000e0000000,0x00000000f0800000)
  from space 78336K, 99% used [0x00000000f0800000,0x00000000f542dc90,0x00000000f5480000)
  to   space 129024K, 0% used [0x00000000f8200000,0x00000000f8200000,0x0000000100000000)
 ParOldGen       total 268288K, used 218650K [0x00000000a0000000, 0x00000000b0600000, 0x00000000e0000000)
  object space 268288K, 81% used [0x00000000a0000000,0x00000000ad586bb8,0x00000000b0600000)
 Metaspace       used 65254K, capacity 67016K, committed 67200K, reserved 1107968K
  class space    used 8368K, capacity 8732K, committed 8832K, reserved 1048576K
}
Event: 395.677 GC heap before
{Heap before GC invocations=57 (full 7):
 PSYoungGen      total 348672K, used 348343K [0x00000000e0000000, 0x0000000100000000, 0x0000000100000000)
  eden space 270336K, 100% used [0x00000000e0000000,0x00000000f0800000,0x00000000f0800000)
  from space 78336K, 99% used [0x00000000f0800000,0x00000000f542dc90,0x00000000f5480000)
  to   space 129024K, 0% used [0x00000000f8200000,0x00000000f8200000,0x0000000100000000)
 ParOldGen       total 268288K, used 218650K [0x00000000a0000000, 0x00000000b0600000, 0x00000000e0000000)
  object space 268288K, 81% used [0x00000000a0000000,0x00000000ad586bb8,0x00000000b0600000)
 Metaspace       used 65254K, capacity 67016K, committed 67200K, reserved 1107968K
  class space    used 8368K, capacity 8732K, committed 8832K, reserved 1048576K
Event: 395.832 GC heap after
Heap after GC invocations=57 (full 7):
 PSYoungGen      total 382976K, used 92223K [0x00000000e0000000, 0x0000000100000000, 0x0000000100000000)
  eden space 253952K, 0% used [0x00000000e0000000,0x00000000e0000000,0x00000000ef800000)
  from space 129024K, 71% used [0x00000000f8200000,0x00000000fdc0fd70,0x0000000100000000)
  to   space 135168K, 0% used [0x00000000ef800000,0x00000000ef800000,0x00000000f7c00000)
 ParOldGen       total 268288K, used 218650K [0x00000000a0000000, 0x00000000b0600000, 0x00000000e0000000)
  object space 268288K, 81% used [0x00000000a0000000,0x00000000ad586bb8,0x00000000b0600000)
 Metaspace       used 65254K, capacity 67016K, committed 67200K, reserved 1107968K
  class space    used 8368K, capacity 8732K, committed 8832K, reserved 1048576K
}
Event: 396.187 GC heap before
{Heap before GC invocations=58 (full 7):
 PSYoungGen      total 382976K, used 346175K [0x00000000e0000000, 0x0000000100000000, 0x0000000100000000)
  eden space 253952K, 100% used [0x00000000e0000000,0x00000000ef800000,0x00000000ef800000)
  from space 129024K, 71% used [0x00000000f8200000,0x00000000fdc0fd70,0x0000000100000000)
  to   space 135168K, 0% used [0x00000000ef800000,0x00000000ef800000,0x00000000f7c00000)
 ParOldGen       total 268288K, used 218650K [0x00000000a0000000, 0x00000000b0600000, 0x00000000e0000000)
  object space 268288K, 81% used [0x00000000a0000000,0x00000000ad586bb8,0x00000000b0600000)
 Metaspace       used 65256K, capacity 67016K, committed 67200K, reserved 1107968K
  class space    used 8368K, capacity 8732K, committed 8832K, reserved 1048576K
Event: 396.383 GC heap after
Heap after GC invocations=58 (full 7):
 PSYoungGen      total 377344K, used 123041K [0x00000000e0000000, 0x0000000100000000, 0x0000000100000000)
  eden space 253952K, 0% used [0x00000000e0000000,0x00000000e0000000,0x00000000ef800000)
  from space 123392K, 99% used [0x00000000ef800000,0x00000000f7028598,0x00000000f7080000)
  to   space 146944K, 0% used [0x00000000f7080000,0x00000000f7080000,0x0000000100000000)
 ParOldGen       total 268288K, used 218650K [0x00000000a0000000, 0x00000000b0600000, 0x00000000e0000000)
  object space 268288K, 81% used [0x00000000a0000000,0x00000000ad586bb8,0x00000000b0600000)
 Metaspace       used 65256K, capacity 67016K, committed 67200K, reserved 1107968K
  class space    used 8368K, capacity 8732K, committed 8832K, reserved 1048576K
}
Event: 397.681 GC heap before
{Heap before GC invocations=59 (full 7):
 PSYoungGen      total 377344K, used 376993K [0x00000000e0000000, 0x0000000100000000, 0x0000000100000000)
  eden space 253952K, 100% used [0x00000000e0000000,0x00000000ef800000,0x00000000ef800000)
  from space 123392K, 99% used [0x00000000ef800000,0x00000000f7028598,0x00000000f7080000)
  to   space 146944K, 0% used [0x00000000f7080000,0x00000000f7080000,0x0000000100000000)
 ParOldGen       total 268288K, used 218650K [0x00000000a0000000, 0x00000000b0600000, 0x00000000e0000000)
  object space 268288K, 81% used [0x00000000a0000000,0x00000000ad586bb8,0x00000000b0600000)
 Metaspace       used 65258K, capacity 67016K, committed 67200K, reserved 1107968K
  class space    used 8368K, capacity 8732K, committed 8832K, reserved 1048576K
Event: 397.888 GC heap after
Heap after GC invocations=59 (full 7):
 PSYoungGen      total 354816K, used 108121K [0x00000000e0000000, 0x0000000100000000, 0x0000000100000000)
  eden space 207872K, 0% used [0x00000000e0000000,0x00000000e0000000,0x00000000ecb00000)
  from space 146944K, 73% used [0x00000000f7080000,0x00000000fda167f0,0x0000000100000000)
  to   space 158208K, 0% used [0x00000000ecb00000,0x00000000ecb00000,0x00000000f6580000)
 ParOldGen       total 268288K, used 227111K [0x00000000a0000000, 0x00000000b0600000, 0x00000000e0000000)
  object space 268288K, 84% used [0x00000000a0000000,0x00000000addc9eb0,0x00000000b0600000)
 Metaspace       used 65258K, capacity 67016K, committed 67200K, reserved 1107968K
  class space    used 8368K, capacity 8732K, committed 8832K, reserved 1048576K
}
Event: 398.573 GC heap before
{Heap before GC invocations=60 (full 7):
 PSYoungGen      total 354816K, used 315993K [0x00000000e0000000, 0x0000000100000000, 0x0000000100000000)
  eden space 207872K, 100% used [0x00000000e0000000,0x00000000ecb00000,0x00000000ecb00000)
  from space 146944K, 73% used [0x00000000f7080000,0x00000000fda167f0,0x0000000100000000)
  to   space 158208K, 0% used [0x00000000ecb00000,0x00000000ecb00000,0x00000000f6580000)
 ParOldGen       total 268288K, used 227111K [0x00000000a0000000, 0x00000000b0600000, 0x00000000e0000000)
  object space 268288K, 84% used [0x00000000a0000000,0x00000000addc9eb0,0x00000000b0600000)
 Metaspace       used 65258K, capacity 67016K, committed 67200K, reserved 1107968K
  class space    used 8368K, capacity 8732K, committed 8832K, reserved 1048576K
Event: 398.826 GC heap after
Heap after GC invocations=60 (full 7):
 PSYoungGen      total 366080K, used 158179K [0x00000000e0000000, 0x0000000100000000, 0x0000000100000000)
  eden space 207872K, 0% used [0x00000000e0000000,0x00000000e0000000,0x00000000ecb00000)
  from space 158208K, 99% used [0x00000000ecb00000,0x00000000f6578fc0,0x00000000f6580000)
  to   space 158208K, 0% used [0x00000000f6580000,0x00000000f6580000,0x0000000100000000)
 ParOldGen       total 268288K, used 263166K [0x00000000a0000000, 0x00000000b0600000, 0x00000000e0000000)
  object space 268288K, 98% used [0x00000000a0000000,0x00000000b00ff828,0x00000000b0600000)
 Metaspace       used 65258K, capacity 67016K, committed 67200K, reserved 1107968K
  class space    used 8368K, capacity 8732K, committed 8832K, reserved 1048576K
}
Event: 398.826 GC heap before
{Heap before GC invocations=61 (full 8):
 PSYoungGen      total 366080K, used 158179K [0x00000000e0000000, 0x0000000100000000, 0x0000000100000000)
  eden space 207872K, 0% used [0x00000000e0000000,0x00000000e0000000,0x00000000ecb00000)
  from space 158208K, 99% used [0x00000000ecb00000,0x00000000f6578fc0,0x00000000f6580000)
  to   space 158208K, 0% used [0x00000000f6580000,0x00000000f6580000,0x0000000100000000)
 ParOldGen       total 268288K, used 263166K [0x00000000a0000000, 0x00000000b0600000, 0x00000000e0000000)
  object space 268288K, 98% used [0x00000000a0000000,0x00000000b00ff828,0x00000000b0600000)
 Metaspace       used 65258K, capacity 67016K, committed 67200K, reserved 1107968K
  class space    used 8368K, capacity 8732K, committed 8832K, reserved 1048576K

