# JRE version: Java(TM) SE Runtime Environment (8.0_77-b03) (build 1.8.0_77-b03)
# Java VM: Java HotSpot(TM) 64-Bit Server VM (25.77-b03 mixed mode windows-amd64 compressed oops)
Heap:
 PSYoungGen      total 395264K, used 395263K [0x00000000e0000000, 0x0000000100000000, 0x0000000100000000)
  eden space 312320K, 100% used [0x00000000e0000000,0x00000000f3100000,0x00000000f3100000)
  from space 82944K, 99% used [0x00000000faf00000,0x00000000ffffff40,0x0000000100000000)
  to   space 105984K, 39% used [0x00000000f3100000,0x00000000f5a31220,0x00000000f9880000)
 ParOldGen       total 431104K, used 400448K [0x00000000a0000000, 0x00000000ba500000, 0x00000000e0000000)
  object space 431104K, 92% used [0x00000000a0000000,0x00000000b87102f0,0x00000000ba500000)
 Metaspace       used 71704K, capacity 73558K, committed 75136K, reserved 1114112K
  class space    used 9152K, capacity 9505K, committed 9856K, reserved 1048576K
GC Heap History (10 events):
Event: 1793.355 GC heap after
Heap after GC invocations=40 (full 7):
 PSYoungGen      total 444416K, used 33908K [0x00000000e0000000, 0x00000000ffc00000, 0x0000000100000000)
  eden space 364544K, 0% used [0x00000000e0000000,0x00000000e0000000,0x00000000f6400000)
  from space 79872K, 42% used [0x00000000f6400000,0x00000000f851d398,0x00000000fb200000)
  to   space 75776K, 0% used [0x00000000fb200000,0x00000000fb200000,0x00000000ffc00000)
 ParOldGen       total 280576K, used 211546K [0x00000000a0000000, 0x00000000b1200000, 0x00000000e0000000)
  object space 280576K, 75% used [0x00000000a0000000,0x00000000ace96b78,0x00000000b1200000)
 Metaspace       used 71684K, capacity 73558K, committed 75136K, reserved 1114112K
  class space    used 9151K, capacity 9505K, committed 9856K, reserved 1048576K
}
Event: 1795.081 GC heap before
{Heap before GC invocations=41 (full 7):
 PSYoungGen      total 444416K, used 398452K [0x00000000e0000000, 0x00000000ffc00000, 0x0000000100000000)
  eden space 364544K, 100% used [0x00000000e0000000,0x00000000f6400000,0x00000000f6400000)
  from space 79872K, 42% used [0x00000000f6400000,0x00000000f851d398,0x00000000fb200000)
  to   space 75776K, 0% used [0x00000000fb200000,0x00000000fb200000,0x00000000ffc00000)
 ParOldGen       total 280576K, used 211546K [0x00000000a0000000, 0x00000000b1200000, 0x00000000e0000000)
  object space 280576K, 75% used [0x00000000a0000000,0x00000000ace96b78,0x00000000b1200000)
 Metaspace       used 71693K, capacity 73558K, committed 75136K, reserved 1114112K
  class space    used 9151K, capacity 9505K, committed 9856K, reserved 1048576K
Event: 1795.210 GC heap after
Heap after GC invocations=41 (full 7):
 PSYoungGen      total 441344K, used 52733K [0x00000000e0000000, 0x0000000100000000, 0x0000000100000000)
  eden space 365568K, 0% used [0x00000000e0000000,0x00000000e0000000,0x00000000f6500000)
  from space 75776K, 69% used [0x00000000fb200000,0x00000000fe57f7b0,0x00000000ffc00000)
  to   space 78848K, 0% used [0x00000000f6500000,0x00000000f6500000,0x00000000fb200000)
 ParOldGen       total 280576K, used 243264K [0x00000000a0000000, 0x00000000b1200000, 0x00000000e0000000)
  object space 280576K, 86% used [0x00000000a0000000,0x00000000aed901f0,0x00000000b1200000)
 Metaspace       used 71693K, capacity 73558K, committed 75136K, reserved 1114112K
  class space    used 9151K, capacity 9505K, committed 9856K, reserved 1048576K
}
Event: 1795.210 GC heap before
{Heap before GC invocations=42 (full 8):
 PSYoungGen      total 441344K, used 52733K [0x00000000e0000000, 0x0000000100000000, 0x0000000100000000)
  eden space 365568K, 0% used [0x00000000e0000000,0x00000000e0000000,0x00000000f6500000)
  from space 75776K, 69% used [0x00000000fb200000,0x00000000fe57f7b0,0x00000000ffc00000)
  to   space 78848K, 0% used [0x00000000f6500000,0x00000000f6500000,0x00000000fb200000)
 ParOldGen       total 280576K, used 243264K [0x00000000a0000000, 0x00000000b1200000, 0x00000000e0000000)
  object space 280576K, 86% used [0x00000000a0000000,0x00000000aed901f0,0x00000000b1200000)
 Metaspace       used 71693K, capacity 73558K, committed 75136K, reserved 1114112K
  class space    used 9151K, capacity 9505K, committed 9856K, reserved 1048576K
Event: 1797.004 GC heap after
Heap after GC invocations=42 (full 8):
 PSYoungGen      total 441344K, used 9983K [0x00000000e0000000, 0x0000000100000000, 0x0000000100000000)
  eden space 365568K, 0% used [0x00000000e0000000,0x00000000e0000000,0x00000000f6500000)
  from space 75776K, 13% used [0x00000000fb200000,0x00000000fbbbff68,0x00000000ffc00000)
  to   space 78848K, 0% used [0x00000000f6500000,0x00000000f6500000,0x00000000fb200000)
 ParOldGen       total 431104K, used 280296K [0x00000000a0000000, 0x00000000ba500000, 0x00000000e0000000)
  object space 431104K, 65% used [0x00000000a0000000,0x00000000b11ba2c0,0x00000000ba500000)
 Metaspace       used 71693K, capacity 73558K, committed 75136K, reserved 1114112K
  class space    used 9151K, capacity 9505K, committed 9856K, reserved 1048576K
}
Event: 1798.466 GC heap before
{Heap before GC invocations=43 (full 8):
 PSYoungGen      total 441344K, used 375551K [0x00000000e0000000, 0x0000000100000000, 0x0000000100000000)
  eden space 365568K, 100% used [0x00000000e0000000,0x00000000f6500000,0x00000000f6500000)
  from space 75776K, 13% used [0x00000000fb200000,0x00000000fbbbff68,0x00000000ffc00000)
  to   space 78848K, 0% used [0x00000000f6500000,0x00000000f6500000,0x00000000fb200000)
 ParOldGen       total 431104K, used 280296K [0x00000000a0000000, 0x00000000ba500000, 0x00000000e0000000)
  object space 431104K, 65% used [0x00000000a0000000,0x00000000b11ba2c0,0x00000000ba500000)
 Metaspace       used 71702K, capacity 73558K, committed 75136K, reserved 1114112K
  class space    used 9151K, capacity 9505K, committed 9856K, reserved 1048576K
Event: 1798.676 GC heap after
Heap after GC invocations=43 (full 8):
 PSYoungGen      total 422400K, used 56807K [0x00000000e0000000, 0x0000000100000000, 0x0000000100000000)
  eden space 365568K, 0% used [0x00000000e0000000,0x00000000e0000000,0x00000000f6500000)
  from space 56832K, 99% used [0x00000000f6500000,0x00000000f9c79fe8,0x00000000f9c80000)
  to   space 82944K, 0% used [0x00000000faf00000,0x00000000faf00000,0x0000000100000000)
 ParOldGen       total 431104K, used 288317K [0x00000000a0000000, 0x00000000ba500000, 0x00000000e0000000)
  object space 431104K, 66% used [0x00000000a0000000,0x00000000b198f400,0x00000000ba500000)
 Metaspace       used 71702K, capacity 73558K, committed 75136K, reserved 1114112K
  class space    used 9151K, capacity 9505K, committed 9856K, reserved 1048576K
}
Event: 1800.290 GC heap before
{Heap before GC invocations=44 (full 8):
 PSYoungGen      total 422400K, used 422375K [0x00000000e0000000, 0x0000000100000000, 0x0000000100000000)
  eden space 365568K, 100% used [0x00000000e0000000,0x00000000f6500000,0x00000000f6500000)
  from space 56832K, 99% used [0x00000000f6500000,0x00000000f9c79fe8,0x00000000f9c80000)
  to   space 82944K, 0% used [0x00000000faf00000,0x00000000faf00000,0x0000000100000000)
 ParOldGen       total 431104K, used 288317K [0x00000000a0000000, 0x00000000ba500000, 0x00000000e0000000)
  object space 431104K, 66% used [0x00000000a0000000,0x00000000b198f400,0x00000000ba500000)
 Metaspace       used 71702K, capacity 73558K, committed 75136K, reserved 1114112K
  class space    used 9151K, capacity 9505K, committed 9856K, reserved 1048576K
Event: 1800.649 GC heap after
Heap after GC invocations=44 (full 8):
 PSYoungGen      total 395264K, used 82943K [0x00000000e0000000, 0x0000000100000000, 0x0000000100000000)
  eden space 312320K, 0% used [0x00000000e0000000,0x00000000e0000000,0x00000000f3100000)
  from space 82944K, 99% used [0x00000000faf00000,0x00000000ffffff40,0x0000000100000000)
  to   space 105984K, 0% used [0x00000000f3100000,0x00000000f3100000,0x00000000f9880000)
 ParOldGen       total 431104K, used 317523K [0x00000000a0000000, 0x00000000ba500000, 0x00000000e0000000)
  object space 431104K, 73% used [0x00000000a0000000,0x00000000b3614fc8,0x00000000ba500000)
 Metaspace       used 71702K, capacity 73558K, committed 75136K, reserved 1114112K
  class space    used 9151K, capacity 9505K, committed 9856K, reserved 1048576K
}
Event: 1801.821 GC heap before
{Heap before GC invocations=45 (full 8):
 PSYoungGen      total 395264K, used 395263K [0x00000000e0000000, 0x0000000100000000, 0x0000000100000000)
  eden space 312320K, 100% used [0x00000000e0000000,0x00000000f3100000,0x00000000f3100000)
  from space 82944K, 99% used [0x00000000faf00000,0x00000000ffffff40,0x0000000100000000)
  to   space 105984K, 0% used [0x00000000f3100000,0x00000000f3100000,0x00000000f9880000)
 ParOldGen       total 431104K, used 317523K [0x00000000a0000000, 0x00000000ba500000, 0x00000000e0000000)
  object space 431104K, 73% used [0x00000000a0000000,0x00000000b3614fc8,0x00000000ba500000)
 Metaspace       used 71704K, capacity 73558K, committed 75136K, reserved 1114112K
  class space    used 9152K, capacity 9505K, committed 9856K, reserved 1048576K

