# JRE version: Java(TM) SE Runtime Environment (8.0_77-b03) (build 1.8.0_77-b03)
# Java VM: Java HotSpot(TM) 64-Bit Server VM (25.77-b03 mixed mode windows-amd64 compressed oops)
Heap:
 PSYoungGen      total 357888K, used 310071K [0x00000000e0000000, 0x0000000100000000, 0x0000000100000000)
  eden space 243712K, 100% used [0x00000000e0000000,0x00000000eee00000,0x00000000eee00000)
  from space 114176K, 58% used [0x00000000f7c00000,0x00000000fbccde58,0x00000000feb80000)
  to   space 140288K, 66% used [0x00000000eee00000,0x00000000f48bd430,0x00000000f7700000)
 ParOldGen       total 632832K, used 489139K [0x00000000a0000000, 0x00000000c6a00000, 0x00000000e0000000)
  object space 632832K, 77% used [0x00000000a0000000,0x00000000bddacc88,0x00000000c6a00000)
 Metaspace       used 60111K, capacity 61512K, committed 61696K, reserved 1103872K
  class space    used 7829K, capacity 8122K, committed 8192K, reserved 1048576K
GC Heap History (10 events):
Event: 111.667 GC heap after
Heap after GC invocations=54 (full 7):
 PSYoungGen      total 316416K, used 76774K [0x00000000e0000000, 0x00000000fb880000, 0x0000000100000000)
  eden space 239616K, 0% used [0x00000000e0000000,0x00000000e0000000,0x00000000eea00000)
  from space 76800K, 99% used [0x00000000eea00000,0x00000000f34f9a68,0x00000000f3500000)
  to   space 96768K, 0% used [0x00000000f5a00000,0x00000000f5a00000,0x00000000fb880000)
 ParOldGen       total 475136K, used 356696K [0x00000000a0000000, 0x00000000bd000000, 0x00000000e0000000)
  object space 475136K, 75% used [0x00000000a0000000,0x00000000b5c56098,0x00000000bd000000)
 Metaspace       used 60093K, capacity 61512K, committed 61696K, reserved 1103872K
  class space    used 7826K, capacity 8122K, committed 8192K, reserved 1048576K
}
Event: 112.647 GC heap before
{Heap before GC invocations=55 (full 7):
 PSYoungGen      total 316416K, used 316390K [0x00000000e0000000, 0x00000000fb880000, 0x0000000100000000)
  eden space 239616K, 100% used [0x00000000e0000000,0x00000000eea00000,0x00000000eea00000)
  from space 76800K, 99% used [0x00000000eea00000,0x00000000f34f9a68,0x00000000f3500000)
  to   space 96768K, 0% used [0x00000000f5a00000,0x00000000f5a00000,0x00000000fb880000)
 ParOldGen       total 475136K, used 356696K [0x00000000a0000000, 0x00000000bd000000, 0x00000000e0000000)
  object space 475136K, 75% used [0x00000000a0000000,0x00000000b5c56098,0x00000000bd000000)
 Metaspace       used 60094K, capacity 61512K, committed 61696K, reserved 1103872K
  class space    used 7827K, capacity 8122K, committed 8192K, reserved 1048576K
Event: 112.849 GC heap after
Heap after GC invocations=55 (full 7):
 PSYoungGen      total 351744K, used 60963K [0x00000000e0000000, 0x00000000fbf00000, 0x0000000100000000)
  eden space 254976K, 0% used [0x00000000e0000000,0x00000000e0000000,0x00000000ef900000)
  from space 96768K, 62% used [0x00000000f5a00000,0x00000000f9588e00,0x00000000fb880000)
  to   space 99328K, 0% used [0x00000000ef900000,0x00000000ef900000,0x00000000f5a00000)
 ParOldGen       total 475136K, used 410330K [0x00000000a0000000, 0x00000000bd000000, 0x00000000e0000000)
  object space 475136K, 86% used [0x00000000a0000000,0x00000000b90b6a30,0x00000000bd000000)
 Metaspace       used 60094K, capacity 61512K, committed 61696K, reserved 1103872K
  class space    used 7827K, capacity 8122K, committed 8192K, reserved 1048576K
}
Event: 113.923 GC heap before
{Heap before GC invocations=56 (full 7):
 PSYoungGen      total 351744K, used 315939K [0x00000000e0000000, 0x00000000fbf00000, 0x0000000100000000)
  eden space 254976K, 100% used [0x00000000e0000000,0x00000000ef900000,0x00000000ef900000)
  from space 96768K, 62% used [0x00000000f5a00000,0x00000000f9588e00,0x00000000fb880000)
  to   space 99328K, 0% used [0x00000000ef900000,0x00000000ef900000,0x00000000f5a00000)
 ParOldGen       total 475136K, used 410330K [0x00000000a0000000, 0x00000000bd000000, 0x00000000e0000000)
  object space 475136K, 86% used [0x00000000a0000000,0x00000000b90b6a30,0x00000000bd000000)
 Metaspace       used 60105K, capacity 61512K, committed 61696K, reserved 1103872K
  class space    used 7828K, capacity 8122K, committed 8192K, reserved 1048576K
Event: 114.084 GC heap after
Heap after GC invocations=56 (full 7):
 PSYoungGen      total 354304K, used 97063K [0x00000000e0000000, 0x00000000feb80000, 0x0000000100000000)
  eden space 254976K, 0% used [0x00000000e0000000,0x00000000e0000000,0x00000000ef900000)
  from space 99328K, 97% used [0x00000000ef900000,0x00000000f57c9c70,0x00000000f5a00000)
  to   space 114176K, 0% used [0x00000000f7c00000,0x00000000f7c00000,0x00000000feb80000)
 ParOldGen       total 475136K, used 410330K [0x00000000a0000000, 0x00000000bd000000, 0x00000000e0000000)
  object space 475136K, 86% used [0x00000000a0000000,0x00000000b90b6a30,0x00000000bd000000)
 Metaspace       used 60105K, capacity 61512K, committed 61696K, reserved 1103872K
  class space    used 7828K, capacity 8122K, committed 8192K, reserved 1048576K
}
Event: 115.081 GC heap before
{Heap before GC invocations=57 (full 7):
 PSYoungGen      total 354304K, used 352039K [0x00000000e0000000, 0x00000000feb80000, 0x0000000100000000)
  eden space 254976K, 100% used [0x00000000e0000000,0x00000000ef900000,0x00000000ef900000)
  from space 99328K, 97% used [0x00000000ef900000,0x00000000f57c9c70,0x00000000f5a00000)
  to   space 114176K, 0% used [0x00000000f7c00000,0x00000000f7c00000,0x00000000feb80000)
 ParOldGen       total 475136K, used 410330K [0x00000000a0000000, 0x00000000bd000000, 0x00000000e0000000)
  object space 475136K, 86% used [0x00000000a0000000,0x00000000b90b6a30,0x00000000bd000000)
 Metaspace       used 60109K, capacity 61512K, committed 61696K, reserved 1103872K
  class space    used 7829K, capacity 8122K, committed 8192K, reserved 1048576K
Event: 115.313 GC heap after
Heap after GC invocations=57 (full 7):
 PSYoungGen      total 357888K, used 114147K [0x00000000e0000000, 0x0000000100000000, 0x0000000100000000)
  eden space 243712K, 0% used [0x00000000e0000000,0x00000000e0000000,0x00000000eee00000)
  from space 114176K, 99% used [0x00000000f7c00000,0x00000000feb78cc0,0x00000000feb80000)
  to   space 140288K, 0% used [0x00000000eee00000,0x00000000eee00000,0x00000000f7700000)
 ParOldGen       total 475136K, used 431491K [0x00000000a0000000, 0x00000000bd000000, 0x00000000e0000000)
  object space 475136K, 90% used [0x00000000a0000000,0x00000000ba560fa0,0x00000000bd000000)
 Metaspace       used 60109K, capacity 61512K, committed 61696K, reserved 1103872K
  class space    used 7829K, capacity 8122K, committed 8192K, reserved 1048576K
}
Event: 115.313 GC heap before
{Heap before GC invocations=58 (full 8):
 PSYoungGen      total 357888K, used 114147K [0x00000000e0000000, 0x0000000100000000, 0x0000000100000000)
  eden space 243712K, 0% used [0x00000000e0000000,0x00000000e0000000,0x00000000eee00000)
  from space 114176K, 99% used [0x00000000f7c00000,0x00000000feb78cc0,0x00000000feb80000)
  to   space 140288K, 0% used [0x00000000eee00000,0x00000000eee00000,0x00000000f7700000)
 ParOldGen       total 475136K, used 431491K [0x00000000a0000000, 0x00000000bd000000, 0x00000000e0000000)
  object space 475136K, 90% used [0x00000000a0000000,0x00000000ba560fa0,0x00000000bd000000)
 Metaspace       used 60109K, capacity 61512K, committed 61696K, reserved 1103872K
  class space    used 7829K, capacity 8122K, committed 8192K, reserved 1048576K
Event: 118.594 GC heap after
Heap after GC invocations=58 (full 8):
 PSYoungGen      total 357888K, used 66359K [0x00000000e0000000, 0x0000000100000000, 0x0000000100000000)
  eden space 243712K, 0% used [0x00000000e0000000,0x00000000e0000000,0x00000000eee00000)
  from space 114176K, 58% used [0x00000000f7c00000,0x00000000fbccde58,0x00000000feb80000)
  to   space 140288K, 0% used [0x00000000eee00000,0x00000000eee00000,0x00000000f7700000)
 ParOldGen       total 632832K, used 475058K [0x00000000a0000000, 0x00000000c6a00000, 0x00000000e0000000)
  object space 632832K, 75% used [0x00000000a0000000,0x00000000bcfec9f0,0x00000000c6a00000)
 Metaspace       used 60109K, capacity 61512K, committed 61696K, reserved 1103872K
  class space    used 7829K, capacity 8122K, committed 8192K, reserved 1048576K
}
Event: 119.657 GC heap before
{Heap before GC invocations=59 (full 8):
 PSYoungGen      total 357888K, used 310071K [0x00000000e0000000, 0x0000000100000000, 0x0000000100000000)
  eden space 243712K, 100% used [0x00000000e0000000,0x00000000eee00000,0x00000000eee00000)
  from space 114176K, 58% used [0x00000000f7c00000,0x00000000fbccde58,0x00000000feb80000)
  to   space 140288K, 0% used [0x00000000eee00000,0x00000000eee00000,0x00000000f7700000)
 ParOldGen       total 632832K, used 475058K [0x00000000a0000000, 0x00000000c6a00000, 0x00000000e0000000)
  object space 632832K, 75% used [0x00000000a0000000,0x00000000bcfec9f0,0x00000000c6a00000)
 Metaspace       used 60111K, capacity 61512K, committed 61696K, reserved 1103872K
  class space    used 7829K, capacity 8122K, committed 8192K, reserved 1048576K

