# JRE version: Java(TM) SE Runtime Environment (8.0_77-b03) (build 1.8.0_77-b03)
# Java VM: Java HotSpot(TM) 64-Bit Server VM (25.77-b03 mixed mode windows-amd64 compressed oops)
Heap:
 PSYoungGen      total 349696K, used 27736K [0x00000000e0000000, 0x0000000100000000, 0x0000000100000000)
  eden space 175104K, 0% used [0x00000000e0000000,0x00000000e0000000,0x00000000eab00000)
  from space 174592K, 15% used [0x00000000f5580000,0x00000000f70961c0,0x0000000100000000)
  to   space 174592K, 0% used [0x00000000eab00000,0x00000000eab00000,0x00000000f5580000)
 ParOldGen       total 943616K, used 867995K [0x00000000a0000000, 0x00000000d9980000, 0x00000000e0000000)
  object space 943616K, 91% used [0x00000000a0000000,0x00000000d4fa6c00,0x00000000d9980000)
 Metaspace       used 66205K, capacity 67834K, committed 70144K, reserved 1110016K
  class space    used 8682K, capacity 8969K, committed 9472K, reserved 1048576K
GC Heap History (10 events):
Event: 1079.706 GC heap after
Heap after GC invocations=50 (full 10):
 PSYoungGen      total 305664K, used 112657K [0x00000000e0000000, 0x0000000100000000, 0x0000000100000000)
  eden space 184320K, 0% used [0x00000000e0000000,0x00000000e0000000,0x00000000eb400000)
  from space 121344K, 92% used [0x00000000f8980000,0x00000000ff7847b8,0x0000000100000000)
  to   space 169984K, 0% used [0x00000000eb400000,0x00000000eb400000,0x00000000f5a00000)
 ParOldGen       total 943616K, used 763934K [0x00000000a0000000, 0x00000000d9980000, 0x00000000e0000000)
  object space 943616K, 80% used [0x00000000a0000000,0x00000000cea07bf8,0x00000000d9980000)
 Metaspace       used 66205K, capacity 67834K, committed 70144K, reserved 1110016K
  class space    used 8682K, capacity 8969K, committed 9472K, reserved 1048576K
}
Event: 1079.994 GC heap before
{Heap before GC invocations=51 (full 10):
 PSYoungGen      total 305664K, used 296977K [0x00000000e0000000, 0x0000000100000000, 0x0000000100000000)
  eden space 184320K, 100% used [0x00000000e0000000,0x00000000eb400000,0x00000000eb400000)
  from space 121344K, 92% used [0x00000000f8980000,0x00000000ff7847b8,0x0000000100000000)
  to   space 169984K, 0% used [0x00000000eb400000,0x00000000eb400000,0x00000000f5a00000)
 ParOldGen       total 943616K, used 763934K [0x00000000a0000000, 0x00000000d9980000, 0x00000000e0000000)
  object space 943616K, 80% used [0x00000000a0000000,0x00000000cea07bf8,0x00000000d9980000)
 Metaspace       used 66205K, capacity 67834K, committed 70144K, reserved 1110016K
  class space    used 8682K, capacity 8969K, committed 9472K, reserved 1048576K
Event: 1080.108 GC heap after
Heap after GC invocations=51 (full 10):
 PSYoungGen      total 316928K, used 132566K [0x00000000e0000000, 0x0000000100000000, 0x0000000100000000)
  eden space 184320K, 0% used [0x00000000e0000000,0x00000000e0000000,0x00000000eb400000)
  from space 132608K, 99% used [0x00000000eb400000,0x00000000f35759b8,0x00000000f3580000)
  to   space 174592K, 0% used [0x00000000f5580000,0x00000000f5580000,0x0000000100000000)
 ParOldGen       total 943616K, used 763934K [0x00000000a0000000, 0x00000000d9980000, 0x00000000e0000000)
  object space 943616K, 80% used [0x00000000a0000000,0x00000000cea07bf8,0x00000000d9980000)
 Metaspace       used 66205K, capacity 67834K, committed 70144K, reserved 1110016K
  class space    used 8682K, capacity 8969K, committed 9472K, reserved 1048576K
}
Event: 1080.833 GC heap before
{Heap before GC invocations=52 (full 10):
 PSYoungGen      total 316928K, used 316886K [0x00000000e0000000, 0x0000000100000000, 0x0000000100000000)
  eden space 184320K, 100% used [0x00000000e0000000,0x00000000eb400000,0x00000000eb400000)
  from space 132608K, 99% used [0x00000000eb400000,0x00000000f35759b8,0x00000000f3580000)
  to   space 174592K, 0% used [0x00000000f5580000,0x00000000f5580000,0x0000000100000000)
 ParOldGen       total 943616K, used 763934K [0x00000000a0000000, 0x00000000d9980000, 0x00000000e0000000)
  object space 943616K, 80% used [0x00000000a0000000,0x00000000cea07bf8,0x00000000d9980000)
 Metaspace       used 66205K, capacity 67834K, committed 70144K, reserved 1110016K
  class space    used 8682K, capacity 8969K, committed 9472K, reserved 1048576K
Event: 1081.087 GC heap after
Heap after GC invocations=52 (full 10):
 PSYoungGen      total 349696K, used 29346K [0x00000000e0000000, 0x0000000100000000, 0x0000000100000000)
  eden space 175104K, 0% used [0x00000000e0000000,0x00000000e0000000,0x00000000eab00000)
  from space 174592K, 16% used [0x00000000f5580000,0x00000000f72288f0,0x0000000100000000)
  to   space 174592K, 0% used [0x00000000eab00000,0x00000000eab00000,0x00000000f5580000)
 ParOldGen       total 943616K, used 817107K [0x00000000a0000000, 0x00000000d9980000, 0x00000000e0000000)
  object space 943616K, 86% used [0x00000000a0000000,0x00000000d1df4ee8,0x00000000d9980000)
 Metaspace       used 66205K, capacity 67834K, committed 70144K, reserved 1110016K
  class space    used 8682K, capacity 8969K, committed 9472K, reserved 1048576K
}
Event: 1081.887 GC heap before
{Heap before GC invocations=53 (full 10):
 PSYoungGen      total 349696K, used 204450K [0x00000000e0000000, 0x0000000100000000, 0x0000000100000000)
  eden space 175104K, 100% used [0x00000000e0000000,0x00000000eab00000,0x00000000eab00000)
  from space 174592K, 16% used [0x00000000f5580000,0x00000000f72288f0,0x0000000100000000)
  to   space 174592K, 0% used [0x00000000eab00000,0x00000000eab00000,0x00000000f5580000)
 ParOldGen       total 943616K, used 817107K [0x00000000a0000000, 0x00000000d9980000, 0x00000000e0000000)
  object space 943616K, 86% used [0x00000000a0000000,0x00000000d1df4ee8,0x00000000d9980000)
 Metaspace       used 66205K, capacity 67834K, committed 70144K, reserved 1110016K
  class space    used 8682K, capacity 8969K, committed 9472K, reserved 1048576K
Event: 1081.987 GC heap after
Heap after GC invocations=53 (full 10):
 PSYoungGen      total 349696K, used 22611K [0x00000000e0000000, 0x0000000100000000, 0x0000000100000000)
  eden space 175104K, 0% used [0x00000000e0000000,0x00000000e0000000,0x00000000eab00000)
  from space 174592K, 12% used [0x00000000eab00000,0x00000000ec114c10,0x00000000f5580000)
  to   space 174592K, 0% used [0x00000000f5580000,0x00000000f5580000,0x0000000100000000)
 ParOldGen       total 943616K, used 845876K [0x00000000a0000000, 0x00000000d9980000, 0x00000000e0000000)
  object space 943616K, 89% used [0x00000000a0000000,0x00000000d3a0d020,0x00000000d9980000)
 Metaspace       used 66205K, capacity 67834K, committed 70144K, reserved 1110016K
  class space    used 8682K, capacity 8969K, committed 9472K, reserved 1048576K
}
Event: 1083.954 GC heap before
{Heap before GC invocations=54 (full 10):
 PSYoungGen      total 349696K, used 197715K [0x00000000e0000000, 0x0000000100000000, 0x0000000100000000)
  eden space 175104K, 100% used [0x00000000e0000000,0x00000000eab00000,0x00000000eab00000)
  from space 174592K, 12% used [0x00000000eab00000,0x00000000ec114c10,0x00000000f5580000)
  to   space 174592K, 0% used [0x00000000f5580000,0x00000000f5580000,0x0000000100000000)
 ParOldGen       total 943616K, used 845876K [0x00000000a0000000, 0x00000000d9980000, 0x00000000e0000000)
  object space 943616K, 89% used [0x00000000a0000000,0x00000000d3a0d020,0x00000000d9980000)
 Metaspace       used 66205K, capacity 67834K, committed 70144K, reserved 1110016K
  class space    used 8682K, capacity 8969K, committed 9472K, reserved 1048576K
Event: 1084.044 GC heap after
Heap after GC invocations=54 (full 10):
 PSYoungGen      total 349696K, used 27736K [0x00000000e0000000, 0x0000000100000000, 0x0000000100000000)
  eden space 175104K, 0% used [0x00000000e0000000,0x00000000e0000000,0x00000000eab00000)
  from space 174592K, 15% used [0x00000000f5580000,0x00000000f70961c0,0x0000000100000000)
  to   space 174592K, 0% used [0x00000000eab00000,0x00000000eab00000,0x00000000f5580000)
 ParOldGen       total 943616K, used 867995K [0x00000000a0000000, 0x00000000d9980000, 0x00000000e0000000)
  object space 943616K, 91% used [0x00000000a0000000,0x00000000d4fa6c00,0x00000000d9980000)
 Metaspace       used 66205K, capacity 67834K, committed 70144K, reserved 1110016K
  class space    used 8682K, capacity 8969K, committed 9472K, reserved 1048576K
}
Event: 1084.044 GC heap before
{Heap before GC invocations=55 (full 11):
 PSYoungGen      total 349696K, used 27736K [0x00000000e0000000, 0x0000000100000000, 0x0000000100000000)
  eden space 175104K, 0% used [0x00000000e0000000,0x00000000e0000000,0x00000000eab00000)
  from space 174592K, 15% used [0x00000000f5580000,0x00000000f70961c0,0x0000000100000000)
  to   space 174592K, 0% used [0x00000000eab00000,0x00000000eab00000,0x00000000f5580000)
 ParOldGen       total 943616K, used 867995K [0x00000000a0000000, 0x00000000d9980000, 0x00000000e0000000)
  object space 943616K, 91% used [0x00000000a0000000,0x00000000d4fa6c00,0x00000000d9980000)
 Metaspace       used 66205K, capacity 67834K, committed 70144K, reserved 1110016K
  class space    used 8682K, capacity 8969K, committed 9472K, reserved 1048576K

